<?xml version="1.0" encoding="UTF-8"?>
<!-- Generated by org.testng.reporters.JUnitXMLReporter -->
<testsuite ignored="0" hostname="DESKTOP-1UCDMIU" failures="1" tests="1" name="Test" time="46.653" errors="0" timestamp="2022-08-07T19:25:24 EDT">
  <testcase classname="com.progressive.test.auto.Autoclass" name="getAutoQuote" time="42.155">
    <failure type="org.openqa.selenium.NoSuchElementException" message="Cannot locate option with value: Toyota
For documentation on this error, please visit: https://selenium.dev/exceptions/#no_such_element
Build info: version: &amp;apos;4.3.0&amp;apos;, revision: &amp;apos;a4995e2c09*&amp;apos;
System info: host: &amp;apos;DESKTOP-1UCDMIU&amp;apos;, ip: &amp;apos;192.168.0.18&amp;apos;, os.name: &amp;apos;Windows 11&amp;apos;, os.arch: &amp;apos;amd64&amp;apos;, os.version: &amp;apos;10.0&amp;apos;, java.version: &amp;apos;17.0.2&amp;apos;
Driver info: driver.version: unknown">
      <![CDATA[org.openqa.selenium.NoSuchElementException: Cannot locate option with value: Toyota
For documentation on this error, please visit: https://selenium.dev/exceptions/#no_such_element
Build info: version: '4.3.0', revision: 'a4995e2c09*'
System info: host: 'DESKTOP-1UCDMIU', ip: '192.168.0.18', os.name: 'Windows 11', os.arch: 'amd64', os.version: '10.0', java.version: '17.0.2'
Driver info: driver.version: unknown
at org.openqa.selenium.support.ui.Select.findOptionsByValue(Select.java:287)
at org.openqa.selenium.support.ui.Select.selectByValue(Select.java:190)
at com.progressive.common.CommonFunctions.selectDropdownByValue(CommonFunctions.java:97)
at com.progressive.objects.AboutVehiclePage.selectMake(AboutVehiclePage.java:44)
at com.progressive.objects.AboutVehiclePage.aboutVehiclePageSteps(AboutVehiclePage.java:54)
at com.progressive.test.auto.Autoclass.getAutoQuote(Autoclass.java:14)
at java.base/java.util.ArrayList.forEach(ArrayList.java:1511)
... Removed 27 stack frames]]>
    </failure>
  </testcase> <!-- getAutoQuote -->
</testsuite> <!-- Test -->
