<html>
<head>
<title>TestNG:  Test</title>
<link href="../testng.css" rel="stylesheet" type="text/css" />
<link href="../my-testng.css" rel="stylesheet" type="text/css" />

<style type="text/css">
.log { display: none;} 
.stack-trace { display: none;} 
</style>
<script type="text/javascript">
<!--
function flip(e) {
  current = e.style.display;
  if (current == 'block') {
    e.style.display = 'none';
    return 0;
  }
  else {
    e.style.display = 'block';
    return 1;
  }
}

function toggleBox(szDivId, elem, msg1, msg2)
{
  var res = -1;  if (document.getElementById) {
    res = flip(document.getElementById(szDivId));
  }
  else if (document.all) {
    // this is the way old msie versions work
    res = flip(document.all[szDivId]);
  }
  if(elem) {
    if(res == 0) elem.innerHTML = msg1; else elem.innerHTML = msg2;
  }

}

function toggleAllBoxes() {
  if (document.getElementsByTagName) {
    d = document.getElementsByTagName('div');
    for (i = 0; i < d.length; i++) {
      if (d[i].className == 'log') {
        flip(d[i]);
      }
    }
  }
}

// -->
</script>

</head>
<body>
<h2 align='center'>Test</h2><table border='1' align="center">
<tr>
<td>Tests passed/Failed/Skipped:</td><td>0/1/0</td>
</tr><tr>
<td>Started on:</td><td>Sun Aug 07 19:24:37 EDT 2022</td>
</tr>
<tr><td>Total time:</td><td>46 seconds (46653 ms)</td>
</tr><tr>
<td>Included groups:</td><td></td>
</tr><tr>
<td>Excluded groups:</td><td></td>
</tr>
</table><p/>
<small><i>(Hover the method name to see the test class name)</i></small><p/>
<table width='100%' border='1' class='invocation-failed'>
<tr><td colspan='4' align='center'><b>FAILED TESTS</b></td></tr>
<tr><td><b>Test method</b></td>
<td width="30%"><b>Exception</b></td>
<td width="10%"><b>Time (seconds)</b></td>
<td><b>Instance</b></td>
</tr>
<tr>
<td title='com.progressive.test.auto.Autoclass.getAutoQuote()'><b>getAutoQuote</b><br>Test class: com.progressive.test.auto.Autoclass<br/>
<a href="#Output-339933064" onClick='toggleBox("Output-339933064", this, "Show output", "Hide output");'>Show output</a>

<a href="#Output-339933064" onClick="toggleAllBoxes();">Show all outputs</a>
<div class='log' id="Output-339933064">
Waiting for the element to be clickable---> [[ChromeDriver: chrome on WINDOWS (cbdda85b9f2f07b5d6ed91904cd20536)] -> xpath: (//span[text()='Auto'])[1] | //p[@class='txt' and normalize-space(text())='Auto']]<br><br/>
[[ChromeDriver: chrome on WINDOWS (cbdda85b9f2f07b5d6ed91904cd20536)] -> xpath: (//span[text()='Auto'])[1] | //p[@class='txt' and normalize-space(text())='Auto']] : This element has been clicked<br><br/>
[[ChromeDriver: chrome on WINDOWS (cbdda85b9f2f07b5d6ed91904cd20536)] -> id: quote-title] :has value --->AUTO<br><br/>
Current URL is: https://www.progressive.com/#l<br><br/>
11377 : This value has beed passed into--->[[ChromeDriver: chrome on WINDOWS (cbdda85b9f2f07b5d6ed91904cd20536)] -> xpath: //input[@id='zipCode_overlay']]<br><br/>
Waiting for the element to be clickable---> [[ChromeDriver: chrome on WINDOWS (cbdda85b9f2f07b5d6ed91904cd20536)] -> xpath: (//button[@data-action='AU+H'])[1]]<br><br/>
[[ChromeDriver: chrome on WINDOWS (cbdda85b9f2f07b5d6ed91904cd20536)] -> xpath: (//button[@data-action='AU+H'])[1]] : This element has been clicked<br><br/>
Waiting for the element to be clickable---> [[ChromeDriver: chrome on WINDOWS (cbdda85b9f2f07b5d6ed91904cd20536)] -> xpath: //input[@id='qsButton_overlay']]<br><br/>
[[ChromeDriver: chrome on WINDOWS (cbdda85b9f2f07b5d6ed91904cd20536)] -> xpath: //input[@id='qsButton_overlay']] : This element has been clicked<br><br/>
Alex : This value has beed passed into--->[[ChromeDriver: chrome on WINDOWS (cbdda85b9f2f07b5d6ed91904cd20536)] -> id: NameAndAddressEdit_embedded_questions_list_FirstName]<br><br/>
D : This value has beed passed into--->[[ChromeDriver: chrome on WINDOWS (cbdda85b9f2f07b5d6ed91904cd20536)] -> id: NameAndAddressEdit_embedded_questions_list_MiddleInitial]<br><br/>
Rodriguez : This value has beed passed into--->[[ChromeDriver: chrome on WINDOWS (cbdda85b9f2f07b5d6ed91904cd20536)] -> id: NameAndAddressEdit_embedded_questions_list_LastName]<br><br/>
01/05/1984 : This value has beed passed into--->[[ChromeDriver: chrome on WINDOWS (cbdda85b9f2f07b5d6ed91904cd20536)] -> id: NameAndAddressEdit_embedded_questions_list_DateOfBirth]<br><br/>
59-16 Woodside Avenue : This value has beed passed into--->[[ChromeDriver: chrome on WINDOWS (cbdda85b9f2f07b5d6ed91904cd20536)] -> id: NameAndAddressEdit_embedded_questions_list_MailingAddress]<br><br/>
3B : This value has beed passed into--->[[ChromeDriver: chrome on WINDOWS (cbdda85b9f2f07b5d6ed91904cd20536)] -> id: NameAndAddressEdit_embedded_questions_list_ApartmentUnit]<br><br/>
Queens : This value has beed passed into--->[[ChromeDriver: chrome on WINDOWS (cbdda85b9f2f07b5d6ed91904cd20536)] -> id: NameAndAddressEdit_embedded_questions_list_City]<br><br/>
Value has been cleared from this element ---> [[ChromeDriver: chrome on WINDOWS (cbdda85b9f2f07b5d6ed91904cd20536)] -> id: NameAndAddressEdit_embedded_questions_list_ZipCode]<br><br/>
11377 : This value has beed passed into--->[[ChromeDriver: chrome on WINDOWS (cbdda85b9f2f07b5d6ed91904cd20536)] -> id: NameAndAddressEdit_embedded_questions_list_ZipCode]<br><br/>
Waiting for the element to be clickable---> [[ChromeDriver: chrome on WINDOWS (cbdda85b9f2f07b5d6ed91904cd20536)] -> xpath: //button[text()='Okay, start my quote.']]<br><br/>
[[ChromeDriver: chrome on WINDOWS (cbdda85b9f2f07b5d6ed91904cd20536)] -> xpath: //button[text()='Okay, start my quote.']] : This element has been clicked<br><br/>
59-16 Woodside Avenue : This value has beed passed into--->[[ChromeDriver: chrome on WINDOWS (cbdda85b9f2f07b5d6ed91904cd20536)] -> id: NameAndAddressEdit_embedded_questions_list_MailingAddress]<br><br/>
3B : This value has beed passed into--->[[ChromeDriver: chrome on WINDOWS (cbdda85b9f2f07b5d6ed91904cd20536)] -> id: NameAndAddressEdit_embedded_questions_list_ApartmentUnit]<br><br/>
Queens : This value has beed passed into--->[[ChromeDriver: chrome on WINDOWS (cbdda85b9f2f07b5d6ed91904cd20536)] -> id: NameAndAddressEdit_embedded_questions_list_City]<br><br/>
Waiting for the element to be clickable---> [[ChromeDriver: chrome on WINDOWS (cbdda85b9f2f07b5d6ed91904cd20536)] -> xpath: //button[text()='Okay, start my quote.']]<br><br/>
Proxy element for: DefaultElementLocator 'By.xpath: //button[text()='Okay, start my quote.']' : This element has been clicked<br><br/>
[[ChromeDriver: chrome on WINDOWS (cbdda85b9f2f07b5d6ed91904cd20536)] -> xpath: //h1[text()='Tell us about your vehicle(s)...']] :has value --->Tell us about your vehicle(s)...<br><br/>
2012 : This value has been passed into this element ---> [[ChromeDriver: chrome on WINDOWS (cbdda85b9f2f07b5d6ed91904cd20536)] -> xpath: //select[@id='VehiclesNew_embedded_questions_list_Year']]<br><br/>
</div>
</td>
<td><div><pre>org.openqa.selenium.NoSuchElementException: Cannot locate option with value: Toyota
For documentation on this error, please visit: https://selenium.dev/exceptions/#no_such_element
Build info: version: &apos;4.3.0&apos;, revision: &apos;a4995e2c09*&apos;
System info: host: &apos;DESKTOP-1UCDMIU&apos;, ip: &apos;192.168.0.18&apos;, os.name: &apos;Windows 11&apos;, os.arch: &apos;amd64&apos;, os.version: &apos;10.0&apos;, java.version: &apos;17.0.2&apos;
Driver info: driver.version: unknown
	at org.openqa.selenium.support.ui.Select.findOptionsByValue(Select.java:287)
	at org.openqa.selenium.support.ui.Select.selectByValue(Select.java:190)
	at com.progressive.common.CommonFunctions.selectDropdownByValue(CommonFunctions.java:97)
	at com.progressive.objects.AboutVehiclePage.selectMake(AboutVehiclePage.java:44)
	at com.progressive.objects.AboutVehiclePage.aboutVehiclePageSteps(AboutVehiclePage.java:54)
	at com.progressive.test.auto.Autoclass.getAutoQuote(Autoclass.java:14)
	at java.base/java.util.ArrayList.forEach(ArrayList.java:1511)
... Removed 27 stack frames</pre></div><a href='#' onClick='toggleBox("stack-trace339933064", this, "Click to show all stack frames", "Click to hide stack frames")'>Click to show all stack frames</a>
<div class='stack-trace' id='stack-trace339933064'><pre>org.openqa.selenium.NoSuchElementException: Cannot locate option with value: Toyota
For documentation on this error, please visit: https://selenium.dev/exceptions/#no_such_element
Build info: version: &apos;4.3.0&apos;, revision: &apos;a4995e2c09*&apos;
System info: host: &apos;DESKTOP-1UCDMIU&apos;, ip: &apos;192.168.0.18&apos;, os.name: &apos;Windows 11&apos;, os.arch: &apos;amd64&apos;, os.version: &apos;10.0&apos;, java.version: &apos;17.0.2&apos;
Driver info: driver.version: unknown
	at org.openqa.selenium.support.ui.Select.findOptionsByValue(Select.java:287)
	at org.openqa.selenium.support.ui.Select.selectByValue(Select.java:190)
	at com.progressive.common.CommonFunctions.selectDropdownByValue(CommonFunctions.java:97)
	at com.progressive.objects.AboutVehiclePage.selectMake(AboutVehiclePage.java:44)
	at com.progressive.objects.AboutVehiclePage.aboutVehiclePageSteps(AboutVehiclePage.java:54)
	at com.progressive.test.auto.Autoclass.getAutoQuote(Autoclass.java:14)
	at java.base/jdk.internal.reflect.NativeMethodAccessorImpl.invoke0(Native Method)
	at java.base/jdk.internal.reflect.NativeMethodAccessorImpl.invoke(NativeMethodAccessorImpl.java:77)
	at java.base/jdk.internal.reflect.DelegatingMethodAccessorImpl.invoke(DelegatingMethodAccessorImpl.java:43)
	at java.base/java.lang.reflect.Method.invoke(Method.java:568)
	at org.testng.internal.MethodInvocationHelper.invokeMethod(MethodInvocationHelper.java:134)
	at org.testng.internal.TestInvoker.invokeMethod(TestInvoker.java:597)
	at org.testng.internal.TestInvoker.invokeTestMethod(TestInvoker.java:173)
	at org.testng.internal.MethodRunner.runInSequence(MethodRunner.java:46)
	at org.testng.internal.TestInvoker$MethodInvocationAgent.invoke(TestInvoker.java:816)
	at org.testng.internal.TestInvoker.invokeTestMethods(TestInvoker.java:146)
	at org.testng.internal.TestMethodWorker.invokeTestMethods(TestMethodWorker.java:146)
	at org.testng.internal.TestMethodWorker.run(TestMethodWorker.java:128)
	at java.base/java.util.ArrayList.forEach(ArrayList.java:1511)
	at org.testng.TestRunner.privateRun(TestRunner.java:766)
	at org.testng.TestRunner.run(TestRunner.java:587)
	at org.testng.SuiteRunner.runTest(SuiteRunner.java:384)
	at org.testng.SuiteRunner.runSequentially(SuiteRunner.java:378)
	at org.testng.SuiteRunner.privateRun(SuiteRunner.java:337)
	at org.testng.SuiteRunner.run(SuiteRunner.java:286)
	at org.testng.SuiteRunnerWorker.runSuite(SuiteRunnerWorker.java:53)
	at org.testng.SuiteRunnerWorker.run(SuiteRunnerWorker.java:96)
	at org.testng.TestNG.runSuitesSequentially(TestNG.java:1187)
	at org.testng.TestNG.runSuitesLocally(TestNG.java:1109)
	at org.testng.TestNG.runSuites(TestNG.java:1039)
	at org.testng.TestNG.run(TestNG.java:1007)
	at org.testng.remote.AbstractRemoteTestNG.run(AbstractRemoteTestNG.java:115)
	at org.testng.remote.RemoteTestNG.initAndRun(RemoteTestNG.java:251)
	at org.testng.remote.RemoteTestNG.main(RemoteTestNG.java:77)
</pre></div></td>
<td>42</td>
<td>com.progressive.test.auto.Autoclass@10163d6</td></tr>
</table><p>
</body>
</html>