<?xml version="1.0" encoding="UTF-8"?>
<!-- Generated by org.testng.reporters.JUnitReportReporter -->
<testsuite hostname="DESKTOP-1UCDMIU" failures="0" tests="1" name="com.progressive.test.auto.Autoclass" time="46.596" errors="1" timestamp="2022-08-07T19:25:24 EDT" skipped="0">
  <testcase classname="com.progressive.test.auto.Autoclass" name="getAutoQuote" time="46.596">
    <error message="Cannot locate option with value: Toyota
For documentation on this error, please visit: https://selenium.dev/exceptions/#no_such_element
Build info: version: &#039;4.3.0&#039;, revision: &#039;a4995e2c09*&#039;
System info: host: &#039;DESKTOP-1UCDMIU&#039;, ip: &#039;192.168.0.18&#039;, os.name: &#039;Windows 11&#039;, os.arch: &#039;amd64&#039;, os.version: &#039;10.0&#039;, java.version: &#039;17.0.2&#039;
Driver info: driver.version: unknown" type="org.openqa.selenium.NoSuchElementException">
      <![CDATA[org.openqa.selenium.NoSuchElementException: Cannot locate option with value: Toyota
For documentation on this error, please visit: https://selenium.dev/exceptions/#no_such_element
Build info: version: '4.3.0', revision: 'a4995e2c09*'
System info: host: 'DESKTOP-1UCDMIU', ip: '192.168.0.18', os.name: 'Windows 11', os.arch: 'amd64', os.version: '10.0', java.version: '17.0.2'
Driver info: driver.version: unknown
at org.openqa.selenium.support.ui.Select.findOptionsByValue(Select.java:287)
at org.openqa.selenium.support.ui.Select.selectByValue(Select.java:190)
at com.progressive.common.CommonFunctions.selectDropdownByValue(CommonFunctions.java:97)
at com.progressive.objects.AboutVehiclePage.selectMake(AboutVehiclePage.java:44)
at com.progressive.objects.AboutVehiclePage.aboutVehiclePageSteps(AboutVehiclePage.java:54)
at com.progressive.test.auto.Autoclass.getAutoQuote(Autoclass.java:14)
at java.base/jdk.internal.reflect.NativeMethodAccessorImpl.invoke0(Native Method)
at java.base/jdk.internal.reflect.NativeMethodAccessorImpl.invoke(NativeMethodAccessorImpl.java:77)
at java.base/jdk.internal.reflect.DelegatingMethodAccessorImpl.invoke(DelegatingMethodAccessorImpl.java:43)
at java.base/java.lang.reflect.Method.invoke(Method.java:568)
at org.testng.internal.MethodInvocationHelper.invokeMethod(MethodInvocationHelper.java:134)
at org.testng.internal.TestInvoker.invokeMethod(TestInvoker.java:597)
at org.testng.internal.TestInvoker.invokeTestMethod(TestInvoker.java:173)
at org.testng.internal.MethodRunner.runInSequence(MethodRunner.java:46)
at org.testng.internal.TestInvoker$MethodInvocationAgent.invoke(TestInvoker.java:816)
at org.testng.internal.TestInvoker.invokeTestMethods(TestInvoker.java:146)
at org.testng.internal.TestMethodWorker.invokeTestMethods(TestMethodWorker.java:146)
at org.testng.internal.TestMethodWorker.run(TestMethodWorker.java:128)
at java.base/java.util.ArrayList.forEach(ArrayList.java:1511)
at org.testng.TestRunner.privateRun(TestRunner.java:766)
at org.testng.TestRunner.run(TestRunner.java:587)
at org.testng.SuiteRunner.runTest(SuiteRunner.java:384)
at org.testng.SuiteRunner.runSequentially(SuiteRunner.java:378)
at org.testng.SuiteRunner.privateRun(SuiteRunner.java:337)
at org.testng.SuiteRunner.run(SuiteRunner.java:286)
at org.testng.SuiteRunnerWorker.runSuite(SuiteRunnerWorker.java:53)
at org.testng.SuiteRunnerWorker.run(SuiteRunnerWorker.java:96)
at org.testng.TestNG.runSuitesSequentially(TestNG.java:1187)
at org.testng.TestNG.runSuitesLocally(TestNG.java:1109)
at org.testng.TestNG.runSuites(TestNG.java:1039)
at org.testng.TestNG.run(TestNG.java:1007)
at org.testng.remote.AbstractRemoteTestNG.run(AbstractRemoteTestNG.java:115)
at org.testng.remote.RemoteTestNG.initAndRun(RemoteTestNG.java:251)
at org.testng.remote.RemoteTestNG.main(RemoteTestNG.java:77)
]]>
    </error>
  </testcase> <!-- getAutoQuote -->
  <system-out>
Waiting for the element to be clickable---> [[ChromeDriver: chrome on WINDOWS (cbdda85b9f2f07b5d6ed91904cd20536)] -> xpath: (//span[text()='Auto'])[1] | //p[@class='txt' and normalize-space(text())='Auto']]<br> [[ChromeDriver: chrome on WINDOWS (cbdda85b9f2f07b5d6ed91904cd20536)] -> xpath: (//span[text()='Auto'])[1] | //p[@class='txt' and normalize-space(text())='Auto']] : This element has been clicked<br> [[ChromeDriver: chrome on WINDOWS (cbdda85b9f2f07b5d6ed91904cd20536)] -> id: quote-title] :has value --->AUTO<br> Current URL is: https://www.progressive.com/#l<br> 11377 : This value has beed passed into--->[[ChromeDriver: chrome on WINDOWS (cbdda85b9f2f07b5d6ed91904cd20536)] -> xpath: //input[@id='zipCode_overlay']]<br> Waiting for the element to be clickable---> [[ChromeDriver: chrome on WINDOWS (cbdda85b9f2f07b5d6ed91904cd20536)] -> xpath: (//button[@data-action='AU+H'])[1]]<br> [[ChromeDriver: chrome on WINDOWS (cbdda85b9f2f07b5d6ed91904cd20536)] -> xpath: (//button[@data-action='AU+H'])[1]] : This element has been clicked<br> Waiting for the element to be clickable---> [[ChromeDriver: chrome on WINDOWS (cbdda85b9f2f07b5d6ed91904cd20536)] -> xpath: //input[@id='qsButton_overlay']]<br> [[ChromeDriver: chrome on WINDOWS (cbdda85b9f2f07b5d6ed91904cd20536)] -> xpath: //input[@id='qsButton_overlay']] : This element has been clicked<br> Alex : This value has beed passed into--->[[ChromeDriver: chrome on WINDOWS (cbdda85b9f2f07b5d6ed91904cd20536)] -> id: NameAndAddressEdit_embedded_questions_list_FirstName]<br> D : This value has beed passed into--->[[ChromeDriver: chrome on WINDOWS (cbdda85b9f2f07b5d6ed91904cd20536)] -> id: NameAndAddressEdit_embedded_questions_list_MiddleInitial]<br> Rodriguez : This value has beed passed into--->[[ChromeDriver: chrome on WINDOWS (cbdda85b9f2f07b5d6ed91904cd20536)] -> id: NameAndAddressEdit_embedded_questions_list_LastName]<br> 01/05/1984 : This value has beed passed into--->[[ChromeDriver: chrome on WINDOWS (cbdda85b9f2f07b5d6ed91904cd20536)] -> id: NameAndAddressEdit_embedded_questions_list_DateOfBirth]<br> 59-16 Woodside Avenue : This value has beed passed into--->[[ChromeDriver: chrome on WINDOWS (cbdda85b9f2f07b5d6ed91904cd20536)] -> id: NameAndAddressEdit_embedded_questions_list_MailingAddress]<br> 3B : This value has beed passed into--->[[ChromeDriver: chrome on WINDOWS (cbdda85b9f2f07b5d6ed91904cd20536)] -> id: NameAndAddressEdit_embedded_questions_list_ApartmentUnit]<br> Queens : This value has beed passed into--->[[ChromeDriver: chrome on WINDOWS (cbdda85b9f2f07b5d6ed91904cd20536)] -> id: NameAndAddressEdit_embedded_questions_list_City]<br> Value has been cleared from this element ---> [[ChromeDriver: chrome on WINDOWS (cbdda85b9f2f07b5d6ed91904cd20536)] -> id: NameAndAddressEdit_embedded_questions_list_ZipCode]<br> 11377 : This value has beed passed into--->[[ChromeDriver: chrome on WINDOWS (cbdda85b9f2f07b5d6ed91904cd20536)] -> id: NameAndAddressEdit_embedded_questions_list_ZipCode]<br> Waiting for the element to be clickable---> [[ChromeDriver: chrome on WINDOWS (cbdda85b9f2f07b5d6ed91904cd20536)] -> xpath: //button[text()='Okay, start my quote.']]<br> [[ChromeDriver: chrome on WINDOWS (cbdda85b9f2f07b5d6ed91904cd20536)] -> xpath: //button[text()='Okay, start my quote.']] : This element has been clicked<br> 59-16 Woodside Avenue : This value has beed passed into--->[[ChromeDriver: chrome on WINDOWS (cbdda85b9f2f07b5d6ed91904cd20536)] -> id: NameAndAddressEdit_embedded_questions_list_MailingAddress]<br> 3B : This value has beed passed into--->[[ChromeDriver: chrome on WINDOWS (cbdda85b9f2f07b5d6ed91904cd20536)] -> id: NameAndAddressEdit_embedded_questions_list_ApartmentUnit]<br> Queens : This value has beed passed into--->[[ChromeDriver: chrome on WINDOWS (cbdda85b9f2f07b5d6ed91904cd20536)] -> id: NameAndAddressEdit_embedded_questions_list_City]<br> Waiting for the element to be clickable---> [[ChromeDriver: chrome on WINDOWS (cbdda85b9f2f07b5d6ed91904cd20536)] -> xpath: //button[text()='Okay, start my quote.']]<br> Proxy element for: DefaultElementLocator 'By.xpath: //button[text()='Okay, start my quote.']' : This element has been clicked<br> [[ChromeDriver: chrome on WINDOWS (cbdda85b9f2f07b5d6ed91904cd20536)] -> xpath: //h1[text()='Tell us about your vehicle(s)...']] :has value --->Tell us about your vehicle(s)...<br> 2012 : This value has been passed into this element ---> [[ChromeDriver: chrome on WINDOWS (cbdda85b9f2f07b5d6ed91904cd20536)] -> xpath: //select[@id='VehiclesNew_embedded_questions_list_Year']]<br>  </system-out>
</testsuite> <!-- com.progressive.test.auto.Autoclass -->
